2025-07-28 17:16:30,116 INFO: Fetching unchanged fields...
2025-07-28 17:16:30,117 INFO: Found field: name Keeping unchanged field: name
2025-07-28 17:16:30,117 INFO: Found field: contact_information Keeping unchanged field: contact_information
2025-07-28 17:16:30,117 INFO: Found field: title Keeping unchanged field: title
2025-07-28 17:16:30,118 INFO: Found field: languages Keeping unchanged field: languages
2025-07-28 17:16:30,118 INFO: Found field: education Keeping unchanged field: education
2025-07-28 17:16:30,118 INFO: Found field: certifications Keeping unchanged field: certifications
2025-07-28 17:16:30,119 INFO: Found field: awards_and_scholarships Keeping unchanged field: awards_and_scholarships
2025-07-28 17:16:30,119 INFO: Searching fields to tailor...
2025-07-28 17:16:30,119 INFO: Found summary section
2025-07-28 17:16:30,120 INFO: Found volunteering_and_leadership section
2025-07-28 17:16:30,120 INFO: Found work_experience section
2025-07-28 17:16:30,120 INFO: Found projects section
2025-07-28 17:16:30,120 INFO: Tailoring sections...
2025-07-28 17:16:30,120 INFO: Tailoring volunteering and leadership section...
2025-07-28 17:17:09,049 INFO: Tailored volunteering and leadership section
2025-07-28 17:17:09,050 INFO: Tailoring work experience section...
2025-07-28 17:17:39,297 INFO: Tailored work experience section
2025-07-28 17:17:39,297 INFO: Tailoring projects section...
2025-07-28 17:18:07,925 INFO: Tailored projects section
2025-07-28 17:18:07,926 INFO: Tailoring summary section...
2025-07-28 17:18:19,900 INFO: Pruning following sections: Volunteering and Leadership, Work Experience and Projects...
2025-07-28 17:18:49,128 INFO: Pruned experiences section
2025-07-28 17:18:49,129 INFO: Pruned experiences dict:
2025-07-28 17:18:49,138 INFO: Tailoring skills section...
2025-07-28 17:18:54,277 INFO: Tailored skills section
2025-07-28 17:19:23,462 INFO: The climb has ended, the CV is tailored!
